<?xml version="1.0" encoding="UTF-8"?>
<!-- Generated by org.testng.reporters.JUnitXMLReporter -->
<testsuite ignored="0" hostname="DESKTOP-BVG2GMI" failures="0" tests="3" name="Default test" time="34.756" errors="0" timestamp="2023-07-25T20:26:37 IST">
  <testcase classname="testCases.FormDataCreationAllMarkets" name="formDataCreation" time="10.012"/>
  <testcase classname="testCases.FormDataCreationAllMarkets" name="formDataCreation" time="2.48"/>
  <testcase classname="testCases.FormDataCreationAllMarkets" name="formDataCreation" time="7.477"/>
</testsuite> <!-- Default test -->
