<?xml version="1.0" encoding="UTF-8"?>
<!-- Generated by org.testng.reporters.JUnitXMLReporter -->
<testsuite ignored="2" hostname="DESKTOP-BVG2GMI" failures="0" tests="3" name="Test" time="0.083" errors="0" timestamp="2023-07-07T02:42:31 IST">
  <testcase classname="demoTestNG.Scenario01" name="custom" time="0.011"/>
  <testcase classname="demoTestNG.Scenario01" name="hey" time="0.001"/>
  <testcase classname="demoTestNG.Scenario01" name="wassup" time="0.003"/>
  <testcase classname="demoTestNG.Scenario01" name="bye" time="0.0">
    <ignored/>
  </testcase> <!-- bye -->
  <testcase classname="demoTestNG.Scenario01" name="vanakam" time="0.0">
    <ignored/>
  </testcase> <!-- vanakam -->
</testsuite> <!-- Test -->
