<?xml version="1.0" encoding="UTF-8"?>
<testng-results ignored="0" total="3" passed="3" failed="0" skipped="0">
  <reporter-output>
  </reporter-output>
  <suite started-at="2023-07-25T20:26:02 IST" name="Default suite" finished-at="2023-07-25T20:26:37 IST" duration-ms="34756">
    <groups>
    </groups>
    <test started-at="2023-07-25T20:26:02 IST" name="Default test" finished-at="2023-07-25T20:26:37 IST" duration-ms="34756">
      <class name="testCases.FormDataCreationAllMarkets">
        <test-method is-config="true" signature="preCondition()[pri:0, instance:testCases.FormDataCreationAllMarkets@65987993]" started-at="2023-07-25T20:26:03 IST" name="preCondition" finished-at="2023-07-25T20:26:09 IST" duration-ms="5767" status="PASS">
          <reporter-output>
          </reporter-output>
        </test-method> <!-- preCondition -->
        <test-method signature="formDataCreation(java.lang.String,java.lang.String,java.lang.String)[pri:0, instance:testCases.FormDataCreationAllMarkets@65987993]" started-at="2023-07-25T20:26:09 IST" name="formDataCreation" data-provider="formDataCreation" finished-at="2023-07-25T20:26:19 IST" duration-ms="10012" status="PASS">
          <params>
            <param index="0">
              <value>
                <![CDATA[Harish]]>
              </value>
            </param>
            <param index="1">
              <value>
                <![CDATA[Krishnadas]]>
              </value>
            </param>
            <param index="2">
              <value>
                <![CDATA[30]]>
              </value>
            </param>
          </params>
          <reporter-output>
          </reporter-output>
        </test-method> <!-- formDataCreation -->
        <test-method is-config="true" signature="preCondition()[pri:0, instance:testCases.FormDataCreationAllMarkets@65987993]" started-at="2023-07-25T20:26:19 IST" name="preCondition" finished-at="2023-07-25T20:26:23 IST" duration-ms="3742" status="PASS">
          <reporter-output>
          </reporter-output>
        </test-method> <!-- preCondition -->
        <test-method signature="formDataCreation(java.lang.String,java.lang.String,java.lang.String)[pri:0, instance:testCases.FormDataCreationAllMarkets@65987993]" started-at="2023-07-25T20:26:23 IST" name="formDataCreation" data-provider="formDataCreation" finished-at="2023-07-25T20:26:25 IST" duration-ms="2480" status="PASS">
          <params>
            <param index="0">
              <value>
                <![CDATA[Thomas]]>
              </value>
            </param>
            <param index="1">
              <value>
                <![CDATA[Muller]]>
              </value>
            </param>
            <param index="2">
              <value>
                <![CDATA[45]]>
              </value>
            </param>
          </params>
          <reporter-output>
          </reporter-output>
        </test-method> <!-- formDataCreation -->
        <test-method is-config="true" signature="preCondition()[pri:0, instance:testCases.FormDataCreationAllMarkets@65987993]" started-at="2023-07-25T20:26:25 IST" name="preCondition" finished-at="2023-07-25T20:26:29 IST" duration-ms="3874" status="PASS">
          <reporter-output>
          </reporter-output>
        </test-method> <!-- preCondition -->
        <test-method signature="formDataCreation(java.lang.String,java.lang.String,java.lang.String)[pri:0, instance:testCases.FormDataCreationAllMarkets@65987993]" started-at="2023-07-25T20:26:29 IST" name="formDataCreation" data-provider="formDataCreation" finished-at="2023-07-25T20:26:37 IST" duration-ms="7477" status="PASS">
          <params>
            <param index="0">
              <value>
                <![CDATA[Harry]]>
              </value>
            </param>
            <param index="1">
              <value>
                <![CDATA[Kane]]>
              </value>
            </param>
            <param index="2">
              <value>
                <![CDATA[55]]>
              </value>
            </param>
          </params>
          <reporter-output>
          </reporter-output>
        </test-method> <!-- formDataCreation -->
        <test-method is-config="true" signature="postCondition()[pri:0, instance:testCases.FormDataCreationAllMarkets@65987993]" started-at="2023-07-25T20:26:37 IST" name="postCondition" finished-at="2023-07-25T20:26:37 IST" duration-ms="1" status="PASS">
          <reporter-output>
          </reporter-output>
        </test-method> <!-- postCondition -->
      </class> <!-- testCases.FormDataCreationAllMarkets -->
    </test> <!-- Default test -->
  </suite> <!-- Default suite -->
</testng-results>
