<?xml version="1.0" encoding="UTF-8"?>
<testng-results ignored="0" total="1" passed="1" failed="0" skipped="0">
  <reporter-output>
  </reporter-output>
  <suite started-at="2023-06-30T03:28:05 IST" name="Default suite" finished-at="2023-06-30T03:28:06 IST" duration-ms="102">
    <groups>
    </groups>
    <test started-at="2023-06-30T03:28:05 IST" name="Default test" finished-at="2023-06-30T03:28:06 IST" duration-ms="102">
      <class name="testCases.SayHello">
        <test-method signature="Bye()[pri:0, instance:testCases.SayHello@35e2d654]" started-at="2023-06-30T03:28:06 IST" name="Bye" finished-at="2023-06-30T03:28:06 IST" duration-ms="23" status="PASS">
          <reporter-output>
          </reporter-output>
        </test-method> <!-- Bye -->
      </class> <!-- testCases.SayHello -->
    </test> <!-- Default test -->
  </suite> <!-- Default suite -->
</testng-results>
